> Task :app:checkKotlinGradlePluginConfigurationErrors SKIPPED
> Task :app:preBuild UP-TO-DATE
> Task :app:preDebugBuild UP-TO-DATE
> Task :app:checkDebugAarMetadata UP-TO-DATE
> Task :app:generateDebugResValues UP-TO-DATE
> Task :app:processDebugGoogleServices UP-TO-DATE
> Task :app:mapDebugSourceSetPaths UP-TO-DATE
> Task :app:generateDebugResources UP-TO-DATE
> Task :app:mergeDebugResources UP-TO-DATE
> Task :app:packageDebugResources UP-TO-DATE
> Task :app:parseDebugLocalResources UP-TO-DATE
> Task :app:createDebugCompatibleScreenManifests UP-TO-DATE
> Task :app:extractDeepLinksDebug UP-TO-DATE
> Task :app:processDebugMainManifest UP-TO-DATE
> Task :app:processDebugManifest UP-TO-DATE
> Task :app:processDebugManifestForPackage UP-TO-DATE
> Task :app:processDebugResources UP-TO-DATE

> Task :app:compileDebugKotlin FAILED
./gradlew : e: file:///C:/Users/joels/OneDrive/Desktop/WhatsApp%20Clone/nhapp-android/app/src/main/java/com/nhapp/MainA
ctivity.kt:25:51 Unresolved reference 'userFlow'.
At line:1 char:57
+ ... in-24.0.2"; ./gradlew :app:compileDebugKotlin > build_result_v3.txt 2 ...
+                 ~~~~~~~~~~~~~~~~~~~~~~~~~~~~~~~~~~~~~~~~~~~~~~~~~~~~~~~~~
    + CategoryInfo          : NotSpecified: (e: file:///C:/U...nce 'userFlow'.:String) [], RemoteException
    + FullyQualifiedErrorId : NativeCommandError
 
e: file:///C:/Users/joels/OneDrive/Desktop/WhatsApp%20Clone/nhapp-android/app/src/main/java/com/nhapp/data/repository/A
uthRepository.kt:5:38 Unresolved reference 'otp'.
e: file:///C:/Users/joels/OneDrive/Desktop/WhatsApp%20Clone/nhapp-android/app/src/main/java/com/nhapp/data/repository/A
uthRepository.kt:6:38 Unresolved reference 'otp'.
e: file:///C:/Users/joels/OneDrive/Desktop/WhatsApp%20Clone/nhapp-android/app/src/main/java/com/nhapp/data/repository/A
uthRepository.kt:15:18 Unresolved reference 'otp'.
e: file:///C:/Users/joels/OneDrive/Desktop/WhatsApp%20Clone/nhapp-android/app/src/main/java/com/nhapp/data/repository/A
uthRepository.kt:28:24 Unresolved reference 'OtpType'.

FAILURE: Build failed with an exception.

* What went wrong:
Execution failed for task ':app:compileDebugKotlin'.
> A failure occurred while executing 
org.jetbrains.kotlin.compilerRunner.GradleCompilerRunnerWithWorkers$GradleKotlinCompilerWorkAction
   > Compilation error. See log for more details

* Try:
> Run with --stacktrace option to get the stack trace.
> Run with --info or --debug option to get more log output.
> Run with --scan to generate a Build Scan (Powered by Develocity).
> Get more help at https://help.gradle.org.

BUILD FAILED in 2s
15 actionable tasks: 1 executed, 14 up-to-date
